WARNING: Ignoring invalid distribution -ip (c:\python310\lib\site-packages)
WARNING: Ignoring invalid distribution -ip (c:\python310\lib\site-packages)
Requirement already satisfied: pylint in c:\python310\lib\site-packages (2.14.1)
Requirement already satisfied: isort<6,>=4.2.5 in c:\python310\lib\site-packages (from pylint) (5.10.1)
Requirement already satisfied: tomlkit>=0.10.1 in c:\python310\lib\site-packages (from pylint) (0.11.0)
Requirement already satisfied: tomli>=1.1.0 in c:\python310\lib\site-packages (from pylint) (2.0.1)
Requirement already satisfied: colorama in c:\python310\lib\site-packages (from pylint) (0.4.4)
Requirement already satisfied: dill>=0.2 in c:\python310\lib\site-packages (from pylint) (0.3.5.1)
Requirement already satisfied: platformdirs>=2.2.0 in c:\python310\lib\site-packages (from pylint) (2.5.2)
Requirement already satisfied: astroid<=2.12.0-dev0,>=2.11.5 in c:\python310\lib\site-packages (from pylint) (2.11.5)
Requirement already satisfied: mccabe<0.8,>=0.6 in c:\python310\lib\site-packages (from pylint) (0.7.0)
Requirement already satisfied: setuptools>=20.0 in c:\python310\lib\site-packages (from astroid<=2.12.0-dev0,>=2.11.5->pylint) (58.1.0)
Requirement already satisfied: wrapt<2,>=1.11 in c:\python310\lib\site-packages (from astroid<=2.12.0-dev0,>=2.11.5->pylint) (1.14.1)
Requirement already satisfied: lazy-object-proxy>=1.4.0 in c:\python310\lib\site-packages (from astroid<=2.12.0-dev0,>=2.11.5->pylint) (1.7.1)
WARNING: Ignoring invalid distribution -ip (c:\python310\lib\site-packages)
WARNING: Ignoring invalid distribution -ip (c:\python310\lib\site-packages)
WARNING: Ignoring invalid distribution -ip (c:\python310\lib\site-packages)
WARNING: Ignoring invalid distribution -ip (c:\python310\lib\site-packages)
WARNING: There was an error checking the latest version of pip.




pylint dataType.py --module-naming-style camelCase --variable-naming-style snake_case --function-naming-style camelCase --argument-naming-style snake_case --method-naming-style camelCase --max-line-length 300 --max-returns 12 --max-statements 300 --max-branches 100 --max-attributes 30 --max-nested-blocks 10 --max-locals 30


--------------------------------------------------------------------
Your code has been rated at 10.00/10 (previous run: 10.00/10, +0.00)



pylint exampleValues.py --module-naming-style camelCase --variable-naming-style snake_case --function-naming-style camelCase --argument-naming-style snake_case --method-naming-style camelCase --max-line-length 300 --max-returns 12 --max-statements 300 --max-branches 100 --max-attributes 30 --max-nested-blocks 10 --max-locals 30


--------------------------------------------------------------------
Your code has been rated at 10.00/10 (previous run: 10.00/10, +0.00)



pylint generateComponents.py --module-naming-style camelCase --variable-naming-style snake_case --function-naming-style camelCase --argument-naming-style snake_case --method-naming-style camelCase --max-line-length 300 --max-returns 12 --max-statements 300 --max-branches 100 --max-attributes 30 --max-nested-blocks 10 --max-locals 30


--------------------------------------------------------------------
Your code has been rated at 10.00/10 (previous run: 10.00/10, +0.00)



pylint interfaceMethod.py --module-naming-style camelCase --variable-naming-style snake_case --function-naming-style camelCase --argument-naming-style snake_case --method-naming-style camelCase --max-line-length 300 --max-returns 12 --max-statements 300 --max-branches 100 --max-attributes 30 --max-nested-blocks 10 --max-locals 30


--------------------------------------------------------------------
Your code has been rated at 10.00/10 (previous run: 10.00/10, +0.00)



pylint pdf2txt.py --module-naming-style camelCase --variable-naming-style snake_case --function-naming-style camelCase --argument-naming-style snake_case --method-naming-style camelCase --max-line-length 300 --max-returns 12 --max-statements 300 --max-branches 100 --max-attributes 30 --max-nested-blocks 10 --max-locals 30


--------------------------------------------------------------------
Your code has been rated at 10.00/10 (previous run: 10.00/10, +0.00)



pylint pdf2yaml.py --module-naming-style camelCase --variable-naming-style snake_case --function-naming-style camelCase --argument-naming-style snake_case --method-naming-style camelCase --max-line-length 300 --max-returns 12 --max-statements 300 --max-branches 100 --max-attributes 30 --max-nested-blocks 10 --max-locals 30


--------------------------------------------------------------------
Your code has been rated at 10.00/10 (previous run: 10.00/10, +0.00)



pylint requestBodyDict.py --module-naming-style camelCase --variable-naming-style snake_case --function-naming-style camelCase --argument-naming-style snake_case --method-naming-style camelCase --max-line-length 300 --max-returns 12 --max-statements 300 --max-branches 100 --max-attributes 30 --max-nested-blocks 10 --max-locals 30


--------------------------------------------------------------------
Your code has been rated at 10.00/10 (previous run: 10.00/10, +0.00)



pylint sourceHandling.py --module-naming-style camelCase --variable-naming-style snake_case --function-naming-style camelCase --argument-naming-style snake_case --method-naming-style camelCase --max-line-length 300 --max-returns 12 --max-statements 300 --max-branches 100 --max-attributes 30 --max-nested-blocks 10 --max-locals 30


--------------------------------------------------------------------
Your code has been rated at 10.00/10 (previous run: 10.00/10, +0.00)



pylint utilityFunctions.py --module-naming-style camelCase --variable-naming-style snake_case --function-naming-style camelCase --argument-naming-style snake_case --method-naming-style camelCase --max-line-length 300 --max-returns 12 --max-statements 300 --max-branches 100 --max-attributes 30 --max-nested-blocks 10 --max-locals 30


--------------------------------------------------------------------
Your code has been rated at 10.00/10 (previous run: 10.00/10, +0.00)