WARNING: Ignoring invalid distribution -ip (c:\python310\lib\site-packages)
WARNING: Ignoring invalid distribution -ip (c:\python310\lib\site-packages)
Requirement already satisfied: pylint in c:\python310\lib\site-packages (2.14.1)
Requirement already satisfied: astroid<=2.12.0-dev0,>=2.11.5 in c:\python310\lib\site-packages (from pylint) (2.11.5)
Requirement already satisfied: platformdirs>=2.2.0 in c:\python310\lib\site-packages (from pylint) (2.5.2)
Requirement already satisfied: tomli>=1.1.0 in c:\python310\lib\site-packages (from pylint) (2.0.1)
Requirement already satisfied: mccabe<0.8,>=0.6 in c:\python310\lib\site-packages (from pylint) (0.7.0)
Requirement already satisfied: dill>=0.2 in c:\python310\lib\site-packages (from pylint) (0.3.5.1)
Requirement already satisfied: isort<6,>=4.2.5 in c:\python310\lib\site-packages (from pylint) (5.10.1)
Requirement already satisfied: tomlkit>=0.10.1 in c:\python310\lib\site-packages (from pylint) (0.11.0)
Requirement already satisfied: colorama in c:\python310\lib\site-packages (from pylint) (0.4.4)
Requirement already satisfied: setuptools>=20.0 in c:\python310\lib\site-packages (from astroid<=2.12.0-dev0,>=2.11.5->pylint) (58.1.0)
Requirement already satisfied: lazy-object-proxy>=1.4.0 in c:\python310\lib\site-packages (from astroid<=2.12.0-dev0,>=2.11.5->pylint) (1.7.1)
Requirement already satisfied: wrapt<2,>=1.11 in c:\python310\lib\site-packages (from astroid<=2.12.0-dev0,>=2.11.5->pylint) (1.14.1)
WARNING: Ignoring invalid distribution -ip (c:\python310\lib\site-packages)
WARNING: Ignoring invalid distribution -ip (c:\python310\lib\site-packages)
WARNING: Ignoring invalid distribution -ip (c:\python310\lib\site-packages)
WARNING: Ignoring invalid distribution -ip (c:\python310\lib\site-packages)
WARNING: There was an error checking the latest version of pip.




pylint dataType.py --module-naming-style camelCase --variable-naming-style snake_case --function-naming-style camelCase --argument-naming-style snake_case --method-naming-style camelCase

************* Module dataType
dataType.py:29:0: C0301: Line too long (164/100) (line-too-long)
dataType.py:30:0: C0301: Line too long (110/100) (line-too-long)
dataType.py:31:0: C0301: Line too long (108/100) (line-too-long)
dataType.py:45:0: C0301: Line too long (118/100) (line-too-long)
dataType.py:54:0: C0301: Line too long (117/100) (line-too-long)
dataType.py:66:0: C0301: Line too long (113/100) (line-too-long)
dataType.py:67:0: C0301: Line too long (113/100) (line-too-long)
dataType.py:68:0: C0301: Line too long (113/100) (line-too-long)
dataType.py:107:0: C0301: Line too long (120/100) (line-too-long)
dataType.py:122:0: C0301: Line too long (115/100) (line-too-long)
dataType.py:139:0: C0301: Line too long (169/100) (line-too-long)
dataType.py:200:0: C0301: Line too long (210/100) (line-too-long)
dataType.py:8:0: R0902: Too many instance attributes (17/7) (too-many-instance-attributes)
dataType.py:12:4: R0912: Too many branches (13/12) (too-many-branches)

-------------------------------------------------------------------
Your code has been rated at 8.53/10 (previous run: 10.00/10, -1.47)



pylint exampleValues.py --module-naming-style camelCase --variable-naming-style snake_case --function-naming-style camelCase --argument-naming-style snake_case --method-naming-style camelCase

************* Module exampleValues
exampleValues.py:21:0: C0301: Line too long (135/100) (line-too-long)
exampleValues.py:26:0: C0301: Line too long (139/100) (line-too-long)
exampleValues.py:31:0: C0301: Line too long (172/100) (line-too-long)
exampleValues.py:36:0: C0301: Line too long (167/100) (line-too-long)
exampleValues.py:41:0: C0301: Line too long (131/100) (line-too-long)
exampleValues.py:103:0: C0301: Line too long (127/100) (line-too-long)
exampleValues.py:441:0: C0301: Line too long (102/100) (line-too-long)
exampleValues.py:477:0: C0301: Line too long (127/100) (line-too-long)
exampleValues.py:484:0: C0301: Line too long (133/100) (line-too-long)
exampleValues.py:79:4: R0911: Too many return statements (12/6) (too-many-return-statements)
exampleValues.py:452:4: R0911: Too many return statements (12/6) (too-many-return-statements)

-------------------------------------------------------------------
Your code has been rated at 9.14/10 (previous run: 10.00/10, -0.86)



pylint generateComponents.py --module-naming-style camelCase --variable-naming-style snake_case --function-naming-style camelCase --argument-naming-style snake_case --method-naming-style camelCase

************* Module generateComponents
generateComponents.py:116:0: C0301: Line too long (121/100) (line-too-long)
generateComponents.py:173:0: C0301: Line too long (114/100) (line-too-long)
generateComponents.py:176:0: C0301: Line too long (132/100) (line-too-long)
generateComponents.py:179:0: C0301: Line too long (107/100) (line-too-long)
generateComponents.py:255:0: C0301: Line too long (120/100) (line-too-long)
generateComponents.py:301:0: C0301: Line too long (101/100) (line-too-long)
generateComponents.py:311:0: C0301: Line too long (132/100) (line-too-long)
generateComponents.py:317:0: C0301: Line too long (111/100) (line-too-long)
generateComponents.py:333:0: C0301: Line too long (102/100) (line-too-long)
generateComponents.py:335:0: C0301: Line too long (102/100) (line-too-long)
generateComponents.py:12:0: R0902: Too many instance attributes (8/7) (too-many-instance-attributes)
generateComponents.py:147:4: R0912: Too many branches (52/12) (too-many-branches)
generateComponents.py:147:4: R0915: Too many statements (155/50) (too-many-statements)

-------------------------------------------------------------------
Your code has been rated at 9.47/10 (previous run: 10.00/10, -0.53)



pylint interfaceMethod.py --module-naming-style camelCase --variable-naming-style snake_case --function-naming-style camelCase --argument-naming-style snake_case --method-naming-style camelCase

************* Module interfaceMethod
interfaceMethod.py:44:0: C0301: Line too long (117/100) (line-too-long)
interfaceMethod.py:45:0: C0301: Line too long (125/100) (line-too-long)
interfaceMethod.py:50:0: C0301: Line too long (124/100) (line-too-long)
interfaceMethod.py:54:0: C0301: Line too long (141/100) (line-too-long)
interfaceMethod.py:55:0: C0301: Line too long (132/100) (line-too-long)
interfaceMethod.py:57:0: C0301: Line too long (144/100) (line-too-long)
interfaceMethod.py:58:0: C0301: Line too long (135/100) (line-too-long)
interfaceMethod.py:60:0: C0301: Line too long (142/100) (line-too-long)
interfaceMethod.py:61:0: C0301: Line too long (133/100) (line-too-long)
interfaceMethod.py:63:0: C0301: Line too long (129/100) (line-too-long)
interfaceMethod.py:64:0: C0301: Line too long (134/100) (line-too-long)
interfaceMethod.py:65:0: C0301: Line too long (128/100) (line-too-long)
interfaceMethod.py:66:0: C0301: Line too long (136/100) (line-too-long)
interfaceMethod.py:67:0: C0301: Line too long (135/100) (line-too-long)
interfaceMethod.py:68:0: C0301: Line too long (129/100) (line-too-long)
interfaceMethod.py:91:0: C0301: Line too long (117/100) (line-too-long)
interfaceMethod.py:96:0: C0301: Line too long (124/100) (line-too-long)
interfaceMethod.py:104:0: C0301: Line too long (118/100) (line-too-long)
interfaceMethod.py:112:0: C0301: Line too long (109/100) (line-too-long)
interfaceMethod.py:131:0: C0301: Line too long (113/100) (line-too-long)
interfaceMethod.py:150:0: C0301: Line too long (126/100) (line-too-long)
interfaceMethod.py:152:0: C0301: Line too long (102/100) (line-too-long)
interfaceMethod.py:154:0: C0301: Line too long (115/100) (line-too-long)
interfaceMethod.py:158:0: C0301: Line too long (126/100) (line-too-long)
interfaceMethod.py:159:0: C0301: Line too long (135/100) (line-too-long)
interfaceMethod.py:163:0: C0301: Line too long (109/100) (line-too-long)
interfaceMethod.py:171:0: C0301: Line too long (107/100) (line-too-long)
interfaceMethod.py:248:0: C0301: Line too long (163/100) (line-too-long)
interfaceMethod.py:11:0: R0902: Too many instance attributes (21/7) (too-many-instance-attributes)
interfaceMethod.py:15:4: R0914: Too many local variables (25/15) (too-many-locals)
interfaceMethod.py:39:8: R1702: Too many nested blocks (6/5) (too-many-nested-blocks)
interfaceMethod.py:39:8: R1702: Too many nested blocks (6/5) (too-many-nested-blocks)
interfaceMethod.py:15:4: R0912: Too many branches (43/12) (too-many-branches)
interfaceMethod.py:15:4: R0915: Too many statements (109/50) (too-many-statements)

-------------------------------------------------------------------
Your code has been rated at 8.09/10 (previous run: 10.00/10, -1.91)



pylint pdf2txt.py --module-naming-style camelCase --variable-naming-style snake_case --function-naming-style camelCase --argument-naming-style snake_case --method-naming-style camelCase

************* Module pdf2txt
pdf2txt.py:8:0: C0301: Line too long (251/100) (line-too-long)
pdf2txt.py:9:0: C0301: Line too long (103/100) (line-too-long)
pdf2txt.py:12:0: C0301: Line too long (244/100) (line-too-long)
pdf2txt.py:13:0: C0301: Line too long (107/100) (line-too-long)
pdf2txt.py:17:0: C0301: Line too long (209/100) (line-too-long)
pdf2txt.py:19:0: C0301: Line too long (244/100) (line-too-long)
pdf2txt.py:21:0: C0301: Line too long (200/100) (line-too-long)
pdf2txt.py:25:0: C0301: Line too long (224/100) (line-too-long)
pdf2txt.py:26:0: C0301: Line too long (184/100) (line-too-long)
pdf2txt.py:27:0: C0301: Line too long (152/100) (line-too-long)
pdf2txt.py:28:0: C0301: Line too long (247/100) (line-too-long)
pdf2txt.py:30:0: C0301: Line too long (216/100) (line-too-long)
pdf2txt.py:31:0: C0301: Line too long (238/100) (line-too-long)
pdf2txt.py:107:0: C0301: Line too long (123/100) (line-too-long)
pdf2txt.py:50:0: R0914: Too many local variables (29/15) (too-many-locals)
pdf2txt.py:50:0: R0912: Too many branches (31/12) (too-many-branches)
pdf2txt.py:50:0: R0915: Too many statements (77/50) (too-many-statements)

-------------------------------------------------------------------
Your code has been rated at 8.37/10 (previous run: 10.00/10, -1.63)



pylint pdf2yaml.py --module-naming-style camelCase --variable-naming-style snake_case --function-naming-style camelCase --argument-naming-style snake_case --method-naming-style camelCase

************* Module pdf2yaml
pdf2yaml.py:23:0: R0912: Too many branches (18/12) (too-many-branches)

-------------------------------------------------------------------
Your code has been rated at 9.85/10 (previous run: 10.00/10, -0.15)



pylint requestBodyDict.py --module-naming-style camelCase --variable-naming-style snake_case --function-naming-style camelCase --argument-naming-style snake_case --method-naming-style camelCase

************* Module requestBodyDict
requestBodyDict.py:97:0: C0301: Line too long (130/100) (line-too-long)
requestBodyDict.py:104:0: C0301: Line too long (109/100) (line-too-long)
requestBodyDict.py:121:0: C0301: Line too long (124/100) (line-too-long)
requestBodyDict.py:136:0: C0301: Line too long (199/100) (line-too-long)
requestBodyDict.py:74:4: R1702: Too many nested blocks (6/5) (too-many-nested-blocks)
requestBodyDict.py:74:4: R1702: Too many nested blocks (6/5) (too-many-nested-blocks)
requestBodyDict.py:69:0: R0912: Too many branches (42/12) (too-many-branches)
requestBodyDict.py:69:0: R0915: Too many statements (78/50) (too-many-statements)

-------------------------------------------------------------------
Your code has been rated at 9.53/10 (previous run: 10.00/10, -0.47)



pylint sourceHandling.py --module-naming-style camelCase --variable-naming-style snake_case --function-naming-style camelCase --argument-naming-style snake_case --method-naming-style camelCase

************* Module sourceHandling
sourceHandling.py:17:0: C0301: Line too long (168/100) (line-too-long)
sourceHandling.py:34:0: C0301: Line too long (140/100) (line-too-long)
sourceHandling.py:35:0: C0301: Line too long (129/100) (line-too-long)
sourceHandling.py:42:0: C0301: Line too long (118/100) (line-too-long)
sourceHandling.py:79:0: C0301: Line too long (101/100) (line-too-long)
sourceHandling.py:137:0: C0301: Line too long (110/100) (line-too-long)
sourceHandling.py:194:0: C0301: Line too long (243/100) (line-too-long)
sourceHandling.py:238:0: C0301: Line too long (104/100) (line-too-long)
sourceHandling.py:249:0: C0301: Line too long (160/100) (line-too-long)
sourceHandling.py:251:0: C0301: Line too long (125/100) (line-too-long)
sourceHandling.py:253:0: C0301: Line too long (113/100) (line-too-long)
sourceHandling.py:260:0: C0301: Line too long (106/100) (line-too-long)
sourceHandling.py:262:0: C0301: Line too long (106/100) (line-too-long)
sourceHandling.py:270:0: C0301: Line too long (134/100) (line-too-long)
sourceHandling.py:277:0: C0301: Line too long (114/100) (line-too-long)
sourceHandling.py:280:0: C0301: Line too long (104/100) (line-too-long)
sourceHandling.py:285:0: C0301: Line too long (122/100) (line-too-long)
sourceHandling.py:310:0: C0301: Line too long (104/100) (line-too-long)
sourceHandling.py:312:0: C0301: Line too long (107/100) (line-too-long)
sourceHandling.py:314:0: C0301: Line too long (105/100) (line-too-long)
sourceHandling.py:323:0: C0301: Line too long (157/100) (line-too-long)
sourceHandling.py:325:0: C0301: Line too long (138/100) (line-too-long)
sourceHandling.py:331:0: C0301: Line too long (117/100) (line-too-long)
sourceHandling.py:333:0: C0301: Line too long (117/100) (line-too-long)
sourceHandling.py:335:0: C0301: Line too long (117/100) (line-too-long)
sourceHandling.py:372:0: C0301: Line too long (119/100) (line-too-long)
sourceHandling.py:434:0: C0301: Line too long (102/100) (line-too-long)
sourceHandling.py:437:0: C0301: Line too long (130/100) (line-too-long)
sourceHandling.py:440:0: C0301: Line too long (105/100) (line-too-long)
sourceHandling.py:446:0: C0301: Line too long (125/100) (line-too-long)
sourceHandling.py:451:0: C0301: Line too long (102/100) (line-too-long)
sourceHandling.py:453:0: C0301: Line too long (136/100) (line-too-long)
sourceHandling.py:542:0: C0301: Line too long (104/100) (line-too-long)
sourceHandling.py:556:0: C0301: Line too long (118/100) (line-too-long)
sourceHandling.py:567:0: C0301: Line too long (106/100) (line-too-long)
sourceHandling.py:664:0: C0301: Line too long (101/100) (line-too-long)
sourceHandling.py:678:0: C0301: Line too long (102/100) (line-too-long)
sourceHandling.py:688:0: C0301: Line too long (162/100) (line-too-long)
sourceHandling.py:690:0: C0301: Line too long (114/100) (line-too-long)
sourceHandling.py:692:0: C0301: Line too long (104/100) (line-too-long)
sourceHandling.py:694:0: C0301: Line too long (105/100) (line-too-long)
sourceHandling.py:696:0: C0301: Line too long (177/100) (line-too-long)
sourceHandling.py:706:0: C0301: Line too long (130/100) (line-too-long)
sourceHandling.py:712:0: C0301: Line too long (111/100) (line-too-long)
sourceHandling.py:727:0: C0301: Line too long (114/100) (line-too-long)
sourceHandling.py:747:0: C0301: Line too long (142/100) (line-too-long)
sourceHandling.py:755:0: C0301: Line too long (128/100) (line-too-long)
sourceHandling.py:757:0: C0301: Line too long (110/100) (line-too-long)
sourceHandling.py:759:0: C0301: Line too long (146/100) (line-too-long)
sourceHandling.py:766:0: C0301: Line too long (191/100) (line-too-long)
sourceHandling.py:21:0: R0902: Too many instance attributes (13/7) (too-many-instance-attributes)
sourceHandling.py:217:8: R1702: Too many nested blocks (6/5) (too-many-nested-blocks)
sourceHandling.py:217:8: R1702: Too many nested blocks (6/5) (too-many-nested-blocks)
sourceHandling.py:207:4: R0912: Too many branches (42/12) (too-many-branches)
sourceHandling.py:207:4: R0915: Too many statements (116/50) (too-many-statements)
sourceHandling.py:417:8: R1702: Too many nested blocks (6/5) (too-many-nested-blocks)
sourceHandling.py:417:8: R1702: Too many nested blocks (6/5) (too-many-nested-blocks)
sourceHandling.py:405:4: R0912: Too many branches (97/12) (too-many-branches)
sourceHandling.py:405:4: R0915: Too many statements (283/50) (too-many-statements)

-------------------------------------------------------------------
Your code has been rated at 9.06/10 (previous run: 10.00/10, -0.94)



pylint utilityFunctions.py --module-naming-style camelCase --variable-naming-style snake_case --function-naming-style camelCase --argument-naming-style snake_case --method-naming-style camelCase

************* Module utilityFunctions
utilityFunctions.py:143:0: C0301: Line too long (108/100) (line-too-long)
utilityFunctions.py:223:0: C0301: Line too long (108/100) (line-too-long)
utilityFunctions.py:258:0: C0301: Line too long (113/100) (line-too-long)
utilityFunctions.py:259:0: C0301: Line too long (112/100) (line-too-long)
utilityFunctions.py:287:0: C0301: Line too long (105/100) (line-too-long)
utilityFunctions.py:288:0: C0301: Line too long (110/100) (line-too-long)
utilityFunctions.py:290:0: C0301: Line too long (120/100) (line-too-long)
utilityFunctions.py:291:0: C0301: Line too long (115/100) (line-too-long)
utilityFunctions.py:310:0: C0301: Line too long (113/100) (line-too-long)
utilityFunctions.py:321:0: C0301: Line too long (135/100) (line-too-long)
utilityFunctions.py:323:0: C0301: Line too long (154/100) (line-too-long)

-------------------------------------------------------------------
Your code has been rated at 9.32/10 (previous run: 10.00/10, -0.68)